
/home/runner/work/exp-shear-strain-iitb/exp-shear-strain-iitb/experiment/simulation/common_libraries/js/ts_components/collapse_step.js
   1:10  warning  'show_step' is defined but never used                 no-unused-vars
   2:5   warning  '$' is not defined                                    no-undef
   3:9   warning  '$' is not defined                                    no-undef
   6:10  warning  'hide_step' is defined but never used                 no-unused-vars
   7:5   warning  '$' is not defined                                    no-undef
   8:9   warning  '$' is not defined                                    no-undef
  11:10  warning  'get_collapse_btn_text' is defined but never used     no-unused-vars
  20:10  warning  'get_collapse_btn_element' is defined but never used  no-unused-vars
  29:10  warning  'hide_all_steps' is defined but never used            no-unused-vars
  31:9   warning  '$' is not defined                                    no-undef

/home/runner/work/exp-shear-strain-iitb/exp-shear-strain-iitb/experiment/simulation/common_libraries/js/ts_components/matrix.js
   27:26  warning  'MathJax' is not defined                                no-undef
   32:7   warning  'Matrix_Without_String' is defined but never used       no-unused-vars
   52:26  warning  'MathJax' is not defined                                no-undef
   56:10  warning  'get_matrix_html' is defined but never used             no-unused-vars
   87:13  warning  'row_html' is assigned a value but never used           no-unused-vars
   99:10  warning  'get_matrix_html_with_title' is defined but never used  no-unused-vars
  131:13  warning  'row_html' is assigned a value but never used           no-unused-vars
  143:10  warning  'convert_2d_to_1d_vector' is defined but never used     no-unused-vars
  156:10  warning  'convert_1d_to_2d_matrix' is defined but never used     no-unused-vars

/home/runner/work/exp-shear-strain-iitb/exp-shear-strain-iitb/experiment/simulation/common_libraries/js/ts_components/pannel.js
  8:7  warning  'Pannel' is defined but never used  no-unused-vars

/home/runner/work/exp-shear-strain-iitb/exp-shear-strain-iitb/experiment/simulation/common_libraries/js/ts_components/questions.js
   6:17  warning  'op1' is assigned a value but never used      no-unused-vars
   7:17  warning  'op2' is assigned a value but never used      no-unused-vars
   8:17  warning  'op3' is assigned a value but never used      no-unused-vars
   9:17  warning  'op4' is assigned a value but never used      no-unused-vars
  94:7   warning  'Question_Options' is defined but never used  no-unused-vars

/home/runner/work/exp-shear-strain-iitb/exp-shear-strain-iitb/experiment/simulation/common_libraries/js/ts_components/tables.js
   19:22  warning  'verify_values' is not defined                                     no-undef
  137:22  warning  'verify_values' is not defined                                     no-undef
  260:7   warning  'Verify_Rows_Cols_6_decimal_places' is defined but never used      no-unused-vars
  311:22  warning  'verify_values' is not defined                                     no-undef
  416:7   warning  'Verify_Rows_Cols_Custom_Fixed_Update1' is defined but never used  no-unused-vars
  468:7   warning  'Show_Table_Custom_Fixed' is defined but never used                no-unused-vars
  506:7   warning  'Verify_Rows_Cols_Strings' is defined but never used               no-unused-vars
  527:22  warning  'verify_values' is not defined                                     no-undef
  663:7   warning  'Display_Table' is defined but never used                          no-unused-vars

/home/runner/work/exp-shear-strain-iitb/exp-shear-strain-iitb/experiment/simulation/common_libraries/js/ts_math_library/general_math_functions.js
    1:10  warning  'verify_values' is defined but never used                   no-unused-vars
   17:10  warning  'random1' is defined but never used                         no-unused-vars
   21:10  warning  'std_deviation' is defined but never used                   no-unused-vars
   26:10  warning  'gauss' is defined but never used                           no-unused-vars
   56:10  warning  'hide_panel' is defined but never used                      no-unused-vars
   63:10  warning  'inverse_matrix' is defined but never used                  no-unused-vars
   96:10  warning  'matrix_multiplication' is defined but never used           no-unused-vars
  113:10  warning  'transpose_matrix' is defined but never used                no-unused-vars
  123:10  warning  'matrix_multiplication_8decimal' is defined but never used  no-unused-vars
  140:10  warning  'adjoint_2x2_matrix' is defined but never used              no-unused-vars
  145:10  warning  'find_deteminant' is defined but never used                 no-unused-vars
  174:10  warning  'get_Submatrix' is defined but never used                   no-unused-vars

/home/runner/work/exp-shear-strain-iitb/exp-shear-strain-iitb/experiment/simulation/common_libraries/js/ts_math_library/regression.js
   1:10  warning  'regression_linear' is defined but never used            no-unused-vars
  18:10  warning  'regression_linear_1variable' is defined but never used  no-unused-vars
  27:10  warning  'regression_linear_2variable' is defined but never used  no-unused-vars
  52:11  warning  'gauss' is not defined                                   no-undef

/home/runner/work/exp-shear-strain-iitb/exp-shear-strain-iitb/experiment/simulation/common_libraries/math.ob.js
  1:745  warning  'b' is already defined  no-redeclare

/home/runner/work/exp-shear-strain-iitb/exp-shear-strain-iitb/experiment/simulation/js/activity1.js
    1:5   warning  'chart' is defined but never used                no-unused-vars
   19:24  warning  'MathJax' is not defined                         no-undef
   22:10  warning  'start_act1' is defined but never used           no-unused-vars
   29:20  warning  'get_collapse_btn_text' is not defined           no-undef
  137:5   warning  'hide_all_steps' is not defined                  no-undef
  138:24  warning  'show_step' is not defined                       no-undef
  139:24  warning  'MathJax' is not defined                         no-undef
  141:10  warning  'verify_u' is defined but never used             no-unused-vars
  145:28  warning  'u' is not defined                               no-undef
  146:10  warning  'verify_values' is not defined                   no-undef
  146:60  warning  'u' is not defined                               no-undef
  151:24  warning  'u_orig' is not defined                          no-undef
  159:10  warning  'verify_v' is defined but never used             no-unused-vars
  163:28  warning  'v' is not defined                               no-undef
  164:10  warning  'verify_values' is not defined                   no-undef
  164:60  warning  'v' is not defined                               no-undef
  169:24  warning  'v_orig' is not defined                          no-undef
  177:10  warning  'verify_a' is defined but never used             no-unused-vars
  181:28  warning  'a' is not defined                               no-undef
  182:10  warning  'verify_values' is not defined                   no-undef
  182:83  warning  'a' is not defined                               no-undef
  187:35  warning  'a' is not defined                               no-undef
  195:10  warning  'verify_b' is defined but never used             no-unused-vars
  199:28  warning  'b' is not defined                               no-undef
  200:10  warning  'verify_values' is not defined                   no-undef
  200:60  warning  'b' is not defined                               no-undef
  205:24  warning  'b' is not defined                               no-undef
  213:10  warning  'verify_shear_strain' is defined but never used  no-unused-vars
  217:28  warning  'shear_strain' is not defined                    no-undef
  218:10  warning  'verify_values' is not defined                   no-undef
  218:71  warning  'shear_strain' is not defined                    no-undef
  223:24  warning  'shear_strain' is not defined                    no-undef
  231:10  warning  'verify_omega' is defined but never used         no-unused-vars
  235:28  warning  'shear_strain' is not defined                    no-undef
  236:10  warning  'verify_values' is not defined                   no-undef
  236:64  warning  'shear_strain' is not defined                    no-undef
  241:24  warning  'shear_strain' is not defined                    no-undef
  271:5   warning  'ans_a1' is not defined                          no-undef
  273:24  warning  'Question_Options' is not defined                no-undef
  273:52  warning  'ans_a1' is not defined                          no-undef
  279:9   warning  'div' is assigned a value but never used         no-unused-vars
  280:9   warning  'text' is assigned a value but never used        no-unused-vars
  280:16  warning  'ans_a1' is not defined                          no-undef
  287:10  warning  'next_step' is defined but never used            no-unused-vars
  292:5   warning  'start_act2' is not defined                      no-undef

/home/runner/work/exp-shear-strain-iitb/exp-shear-strain-iitb/experiment/simulation/js/activity2.js
    1:10  warning  'start_act2' is defined but never used         no-unused-vars
    7:20  warning  'get_collapse_btn_text' is not defined         no-undef
   90:5   warning  'maindiv' is not defined                       no-undef
   91:5   warning  'hide_all_steps' is not defined                no-undef
   92:24  warning  'show_step' is not defined                     no-undef
   93:24  warning  'MathJax' is not defined                       no-undef
   95:10  warning  'verify_ux' is defined but never used          no-unused-vars
   99:28  warning  'ux' is not defined                            no-undef
  100:10  warning  'verify_values' is not defined                 no-undef
  100:61  warning  'ux' is not defined                            no-undef
  105:24  warning  'ux' is not defined                            no-undef
  113:10  warning  'verify_uy' is defined but never used          no-unused-vars
  117:17  warning  'uy' is not defined                            no-undef
  118:45  warning  'uy' is not defined                            no-undef
  120:21  warning  'uy' is not defined                            no-undef
  125:24  warning  'uy_orig' is not defined                       no-undef
  133:10  warning  'verify_vx' is defined but never used          no-unused-vars
  137:17  warning  'uy' is not defined                            no-undef
  138:45  warning  'uy' is not defined                            no-undef
  143:24  warning  'uy_orig' is not defined                       no-undef
  151:10  warning  'verify_vy' is defined but never used          no-unused-vars
  155:28  warning  'vy' is not defined                            no-undef
  156:10  warning  'verify_values' is not defined                 no-undef
  156:61  warning  'vy' is not defined                            no-undef
  161:24  warning  'vy' is not defined                            no-undef
  169:10  warning  'verify_uvxy' is defined but never used        no-unused-vars
  173:28  warning  'a' is not defined                             no-undef
  174:10  warning  'verify_values' is not defined                 no-undef
  174:63  warning  'a' is not defined                             no-undef
  179:24  warning  'a' is not defined                             no-undef
  190:10  warning  'act2_verify_omega' is defined but never used  no-unused-vars
  194:28  warning  'a' is not defined                             no-undef
  195:10  warning  'verify_values' is not defined                 no-undef
  195:69  warning  'a' is not defined                             no-undef
  200:24  warning  'a' is not defined                             no-undef
  244:5   warning  'ans_a2' is not defined                        no-undef
  246:24  warning  'Question_Options' is not defined              no-undef
  246:52  warning  'ans_a2' is not defined                        no-undef
  250:24  warning  'MathJax' is not defined                       no-undef
  253:9   warning  'div' is assigned a value but never used       no-unused-vars
  254:16  warning  'ans_a2' is not defined                        no-undef
  280:5   warning  'ans_a3' is not defined                        no-undef
  282:24  warning  'Question_Options' is not defined              no-undef
  282:52  warning  'ans_a3' is not defined                        no-undef
  288:9   warning  'div' is assigned a value but never used       no-unused-vars
  289:16  warning  'ans_a3' is not defined                        no-undef

/home/runner/work/exp-shear-strain-iitb/exp-shear-strain-iitb/experiment/simulation/js/data.js
   1:5  warning  'u' is assigned a value but never used             no-unused-vars
   2:5  warning  'u_orig' is assigned a value but never used        no-unused-vars
   3:5  warning  'v' is assigned a value but never used             no-unused-vars
   4:5  warning  'v_orig' is assigned a value but never used        no-unused-vars
   5:5  warning  'a' is assigned a value but never used             no-unused-vars
   6:5  warning  'b' is assigned a value but never used             no-unused-vars
   7:5  warning  'shear_strain' is assigned a value but never used  no-unused-vars
   8:5  warning  'ans_a1' is defined but never used                 no-unused-vars
   9:5  warning  'ans_a2' is defined but never used                 no-unused-vars
  10:5  warning  'ans_a3' is defined but never used                 no-unused-vars
  11:5  warning  'ux' is assigned a value but never used            no-unused-vars
  12:5  warning  'uy' is assigned a value but never used            no-unused-vars
  13:5  warning  'uy_orig' is assigned a value but never used       no-unused-vars
  14:5  warning  'vy' is assigned a value but never used            no-unused-vars

✖ 156 problems (0 errors, 156 warnings)

